<?xml version="1.0" encoding="UTF-8"?>
<beans xmlns="http://www.springframework.org/schema/beans"
    xmlns:xsi="http://www.w3.org/2001/XMLSchema-instance" xmlns:p="http://www.springframework.org/schema/p"
    xmlns:aop="http://www.springframework.org/schema/aop" xmlns:context="http://www.springframework.org/schema/context"
    xmlns:jee="http://www.springframework.org/schema/jee" xmlns:tx="http://www.springframework.org/schema/tx"
    xmlns:jdbc="http://www.springframework.org/schema/jdbc"
    xmlns:jpa="http://www.springframework.org/schema/data/jpa"
    xsi:schemaLocation="
            http://www.springframework.org/schema/aop http://www.springframework.org/schema/aop/spring-aop-3.2.xsd
            http://www.springframework.org/schema/beans http://www.springframework.org/schema/beans/spring-beans-3.2.xsd
            http://www.springframework.org/schema/context http://www.springframework.org/schema/context/spring-context-3.2.xsd
            http://www.springframework.org/schema/jee http://www.springframework.org/schema/jee/spring-jee-3.2.xsd
            http://www.springframework.org/schema/jdbc http://www.springframework.org/schema/jdbc/spring-jdbc.xsd
            http://www.springframework.org/schema/data/jpa http://www.springframework.org/schema/data/jpa/spring-jpa.xsd
            http://www.springframework.org/schema/tx http://www.springframework.org/schema/tx/spring-tx-3.2.xsd">

    <context:component-scan base-package="com.metasoft.em" />
    <context:annotation-config />
    <jpa:repositories base-package="com.metasoft.em.dao" repository-impl-postfix="CustomImpl"/>
    <!-- Activates various annotations to be detected in bean classes -->
    <context:annotation-config />

    <!-- DataSource -->
 	<bean id="dataSource"
		class="org.springframework.jdbc.datasource.SimpleDriverDataSource">
		<property name="driverClass" value="org.h2.Driver" />
		<property name="url"
			value="jdbc:h2:file:~/test1;MVCC=true;DB_CLOSE_ON_EXIT=FALSE;TRACE_LEVEL_FILE=0;INIT=RUNSCRIPT FROM 'classpath:schema.sql'" />
 
	</bean>

	<jdbc:initialize-database data-source="dataSource"
		ignore-failures="DROPS">
		<jdbc:script location="classpath:schema.sql" />
	</jdbc:initialize-database>

   <bean id="entityManagerFactory" class="org.springframework.orm.jpa.LocalContainerEntityManagerFactoryBean">
        <property name="dataSource" ref="dataSource"/>
        <property name="packagesToScan" value="com.metasoft.em"/>
        <property name="persistenceUnitName" value="test"/>
        <property name="persistenceProvider">
            <bean class="org.hibernate.ejb.HibernatePersistence"/>
        </property>
      <property name="jpaProperties">
            <props>
                <prop key="hibernate.dialect">org.hibernate.dialect.H2Dialect</prop>
                <prop key="hibernate.hbm2ddl.auto">create-drop</prop>
                <prop key="hibernate.show_sql">true</prop>
                <prop key="hibernate.format_sql">true</prop>
            </props>
        </property>
    </bean>
    <bean id="transactionManager" class="org.springframework.orm.jpa.JpaTransactionManager">
        <property name="entityManagerFactory" ref="entityManagerFactory"/>
        <property name="dataSource" ref="dataSource"/>
    </bean>     
</beans>
